C:\Program Files (x86)\MSBuild\Microsoft.Cpp\v4.0\V140\Microsoft.CppBuild.targets(392,5): warning MSB8028: The intermediate directory (Release\) contains files shared from another project (sf.vcxproj).  This can lead to incorrect clean and rebuild behavior.
  editMap.cpp
editMap.cpp(87): warning C4244: аргумент: преобразование "int" в "float", возможна потеря данных
editMap.cpp(187): warning C4244: инициализация: преобразование "float" в "int", возможна потеря данных
editMap.cpp(188): warning C4244: инициализация: преобразование "float" в "int", возможна потеря данных
editMap.cpp(189): warning C4244: инициализация: преобразование "float" в "int", возможна потеря данных
editMap.cpp(190): warning C4244: инициализация: преобразование "float" в "int", возможна потеря данных
editMap.cpp(199): warning C4553: ==: оператор не имеет результата; возможно, имелся в виду "="
editMap.cpp(219): warning C4244: =: преобразование "float" в "int", возможна потеря данных
editMap.cpp(220): warning C4244: =: преобразование "float" в "int", возможна потеря данных
editMap.cpp(221): warning C4244: =: преобразование "float" в "int", возможна потеря данных
editMap.cpp(222): warning C4244: =: преобразование "float" в "int", возможна потеря данных
editMap.cpp(390): warning C4244: инициализация: преобразование "sf::Int64" в "float", возможна потеря данных
editMap.cpp(405): warning C4244: +=: преобразование "double" в "float", возможна потеря данных
editMap.cpp(409): warning C4244: +=: преобразование "double" в "float", возможна потеря данных
editMap.cpp(413): warning C4244: +=: преобразование "double" в "float", возможна потеря данных
editMap.cpp(417): warning C4244: +=: преобразование "double" в "float", возможна потеря данных
editMap.cpp(423): warning C4244: инициализация: преобразование "float" в "int", возможна потеря данных
editMap.cpp(424): warning C4244: инициализация: преобразование "float" в "int", возможна потеря данных
editMap.cpp(462): warning C4244: инициализация: преобразование "float" в "int", возможна потеря данных
editMap.cpp(463): warning C4244: инициализация: преобразование "float" в "int", возможна потеря данных
editMap.cpp(501): warning C4244: инициализация: преобразование "float" в "int", возможна потеря данных
editMap.cpp(502): warning C4244: инициализация: преобразование "float" в "int", возможна потеря данных
editMap.cpp(535): warning C4244: инициализация: преобразование "float" в "int", возможна потеря данных
editMap.cpp(536): warning C4244: инициализация: преобразование "float" в "int", возможна потеря данных
editMap.cpp(573): warning C4244: +=: преобразование "double" в "float", возможна потеря данных
editMap.cpp(576): warning C4244: аргумент: преобразование "double" в "float", возможна потеря данных
editMap.cpp(578): warning C4244: =: преобразование "double" в "float", возможна потеря данных
editMap.cpp(582): warning C4244: +=: преобразование "double" в "float", возможна потеря данных
editMap.cpp(585): warning C4244: аргумент: преобразование "double" в "float", возможна потеря данных
editMap.cpp(586): warning C4244: =: преобразование "double" в "float", возможна потеря данных
editMap.cpp(590): warning C4244: +=: преобразование "double" в "float", возможна потеря данных
editMap.cpp(593): warning C4244: аргумент: преобразование "double" в "float", возможна потеря данных
editMap.cpp(594): warning C4244: =: преобразование "double" в "float", возможна потеря данных
editMap.cpp(598): warning C4244: +=: преобразование "double" в "float", возможна потеря данных
editMap.cpp(601): warning C4244: аргумент: преобразование "double" в "float", возможна потеря данных
editMap.cpp(602): warning C4244: =: преобразование "double" в "float", возможна потеря данных
editMap.cpp(650): warning C4244: аргумент: преобразование "int" в "float", возможна потеря данных
  game.cpp
game.cpp(27): warning C4244: инициализация: преобразование "float" в "int", возможна потеря данных
game.cpp(28): warning C4244: инициализация: преобразование "float" в "int", возможна потеря данных
game.cpp(29): warning C4244: инициализация: преобразование "float" в "int", возможна потеря данных
game.cpp(30): warning C4244: инициализация: преобразование "float" в "int", возможна потеря данных
game.cpp(39): warning C4553: ==: оператор не имеет результата; возможно, имелся в виду "="
game.cpp(59): warning C4244: =: преобразование "float" в "int", возможна потеря данных
game.cpp(60): warning C4244: =: преобразование "float" в "int", возможна потеря данных
game.cpp(61): warning C4244: =: преобразование "float" в "int", возможна потеря данных
game.cpp(62): warning C4244: =: преобразование "float" в "int", возможна потеря данных
game.cpp(230): warning C4244: инициализация: преобразование "sf::Int64" в "float", возможна потеря данных
game.cpp(245): warning C4244: +=: преобразование "double" в "float", возможна потеря данных
game.cpp(249): warning C4244: +=: преобразование "double" в "float", возможна потеря данных
game.cpp(253): warning C4244: +=: преобразование "double" в "float", возможна потеря данных
game.cpp(257): warning C4244: +=: преобразование "double" в "float", возможна потеря данных
game.cpp(263): warning C4244: инициализация: преобразование "float" в "int", возможна потеря данных
game.cpp(264): warning C4244: инициализация: преобразование "float" в "int", возможна потеря данных
game.cpp(302): warning C4244: инициализация: преобразование "float" в "int", возможна потеря данных
game.cpp(303): warning C4244: инициализация: преобразование "float" в "int", возможна потеря данных
game.cpp(341): warning C4244: инициализация: преобразование "float" в "int", возможна потеря данных
game.cpp(342): warning C4244: инициализация: преобразование "float" в "int", возможна потеря данных
game.cpp(375): warning C4244: инициализация: преобразование "float" в "int", возможна потеря данных
game.cpp(376): warning C4244: инициализация: преобразование "float" в "int", возможна потеря данных
game.cpp(413): warning C4244: +=: преобразование "double" в "float", возможна потеря данных
game.cpp(416): warning C4244: аргумент: преобразование "double" в "float", возможна потеря данных
game.cpp(418): warning C4244: =: преобразование "double" в "float", возможна потеря данных
game.cpp(422): warning C4244: +=: преобразование "double" в "float", возможна потеря данных
game.cpp(425): warning C4244: аргумент: преобразование "double" в "float", возможна потеря данных
game.cpp(426): warning C4244: =: преобразование "double" в "float", возможна потеря данных
game.cpp(430): warning C4244: +=: преобразование "double" в "float", возможна потеря данных
game.cpp(433): warning C4244: аргумент: преобразование "double" в "float", возможна потеря данных
game.cpp(434): warning C4244: =: преобразование "double" в "float", возможна потеря данных
game.cpp(438): warning C4244: +=: преобразование "double" в "float", возможна потеря данных
game.cpp(441): warning C4244: аргумент: преобразование "double" в "float", возможна потеря данных
game.cpp(442): warning C4244: =: преобразование "double" в "float", возможна потеря данных
game.cpp(490): warning C4244: аргумент: преобразование "int" в "float", возможна потеря данных
  menu.cpp
  Source.cpp
  Создание кода
  All 321 functions were compiled because no usable IPDB/IOBJ from previous compilation was found.
  Создание кода завершено
  sf.vcxproj -> C:\Users\crazy\Desktop\sf\Release\Pacman.exe
  sf.vcxproj -> C:\Users\crazy\Desktop\sf\Release\Pacman.pdb (Full PDB)
