e:\repos\курсовой проект 3 семестр пакман\sf\x64\release\vc142.pdb
e:\repos\курсовой проект 3 семестр пакман\sf\x64\release\source.obj
e:\repos\курсовой проект 3 семестр пакман\sf\x64\release\menu.obj
e:\repos\курсовой проект 3 семестр пакман\sf\x64\release\game.obj
e:\repos\курсовой проект 3 семестр пакман\sf\x64\release\editmap.obj
e:\repos\курсовой проект 3 семестр пакман\x64\release\pacman.exe
e:\repos\курсовой проект 3 семестр пакман\x64\release\pacman.pdb
e:\repos\курсовой проект 3 семестр пакман\x64\release\pacman.ipdb
e:\repos\курсовой проект 3 семестр пакман\x64\release\pacman.iobj
e:\repos\курсовой проект 3 семестр пакман\sf\x64\release\pacman.res
e:\repos\курсовой проект 3 семестр пакман\sf\x64\release\pacman.tlog\cl.command.1.tlog
e:\repos\курсовой проект 3 семестр пакман\sf\x64\release\pacman.tlog\cl.read.1.tlog
e:\repos\курсовой проект 3 семестр пакман\sf\x64\release\pacman.tlog\cl.write.1.tlog
e:\repos\курсовой проект 3 семестр пакман\sf\x64\release\pacman.tlog\link.command.1.tlog
e:\repos\курсовой проект 3 семестр пакман\sf\x64\release\pacman.tlog\link.read.1.tlog
e:\repos\курсовой проект 3 семестр пакман\sf\x64\release\pacman.tlog\link.write.1.tlog
e:\repos\курсовой проект 3 семестр пакман\sf\x64\release\pacman.tlog\pacman.write.1u.tlog
e:\repos\курсовой проект 3 семестр пакман\sf\x64\release\pacman.tlog\rc.command.1.tlog
e:\repos\курсовой проект 3 семестр пакман\sf\x64\release\pacman.tlog\rc.read.1.tlog
e:\repos\курсовой проект 3 семестр пакман\sf\x64\release\pacman.tlog\rc.write.1.tlog
